positive/352.jpg 1 0 0 50 50
positive/275.jpg 1 0 0 50 50
positive/206.jpg 1 0 0 50 50
positive/388.jpg 1 0 0 50 50
positive/261.jpg 1 0 0 50 50
positive/248.jpg 1 0 0 50 50
positive/158.jpg 1 0 0 50 50
positive/48.jpg 1 0 0 50 50
positive/238.jpg 1 0 0 50 50
positive/197.jpg 1 0 0 50 50
positive/54.jpg 1 0 0 50 50
positive/28.jpg 1 0 0 50 50
positive/398.jpg 1 0 0 50 50
positive/127.jpg 1 0 0 50 50
positive/373.jpg 1 0 0 50 50
positive/84.jpg 1 0 0 50 50
positive/82.jpg 1 0 0 50 50
positive/383.jpg 1 0 0 50 50
positive/260.jpg 1 0 0 50 50
positive/176.jpg 1 0 0 50 50
positive/393.jpg 1 0 0 50 50
positive/114.jpg 1 0 0 50 50
positive/186.jpg 1 0 0 50 50
positive/153.jpg 1 0 0 50 50
positive/23.jpg 1 0 0 50 50
positive/207.jpg 1 0 0 50 50
positive/122.jpg 1 0 0 50 50
positive/118.jpg 1 0 0 50 50
positive/194.jpg 1 0 0 50 50
positive/342.jpg 1 0 0 50 50
positive/374.jpg 1 0 0 50 50
positive/229.jpg 1 0 0 50 50
positive/94.jpg 1 0 0 50 50
positive/356.jpg 1 0 0 50 50
positive/91.jpg 1 0 0 50 50
positive/105.jpg 1 0 0 50 50
positive/319.jpg 1 0 0 50 50
positive/2.jpg 1 0 0 50 50
positive/316.jpg 1 0 0 50 50
positive/308.jpg 1 0 0 50 50
positive/368.jpg 1 0 0 50 50
positive/16.jpg 1 0 0 50 50
positive/361.jpg 1 0 0 50 50
positive/211.jpg 1 0 0 50 50
positive/83.jpg 1 0 0 50 50
positive/40.jpg 1 0 0 50 50
positive/32.jpg 1 0 0 50 50
positive/17.jpg 1 0 0 50 50
positive/276.jpg 1 0 0 50 50
positive/323.jpg 1 0 0 50 50
positive/198.jpg 1 0 0 50 50
positive/120.jpg 1 0 0 50 50
positive/280.jpg 1 0 0 50 50
positive/135.jpg 1 0 0 50 50
positive/199.jpg 1 0 0 50 50
positive/395.jpg 1 0 0 50 50
positive/364.jpg 1 0 0 50 50
positive/209.jpg 1 0 0 50 50
positive/303.jpg 1 0 0 50 50
positive/43.jpg 1 0 0 50 50
positive/119.jpg 1 0 0 50 50
positive/106.jpg 1 0 0 50 50
positive/339.jpg 1 0 0 50 50
positive/390.jpg 1 0 0 50 50
positive/218.jpg 1 0 0 50 50
positive/214.jpg 1 0 0 50 50
positive/144.jpg 1 0 0 50 50
positive/396.jpg 1 0 0 50 50
positive/251.jpg 1 0 0 50 50
positive/115.jpg 1 0 0 50 50
positive/263.jpg 1 0 0 50 50
positive/221.jpg 1 0 0 50 50
positive/274.jpg 1 0 0 50 50
positive/25.jpg 1 0 0 50 50
positive/350.jpg 1 0 0 50 50
positive/294.jpg 1 0 0 50 50
positive/22.jpg 1 0 0 50 50
positive/34.jpg 1 0 0 50 50
positive/155.jpg 1 0 0 50 50
positive/357.jpg 1 0 0 50 50
positive/1.jpg 1 0 0 50 50
positive/154.jpg 1 0 0 50 50
positive/51.jpg 1 0 0 50 50
positive/171.jpg 1 0 0 50 50
positive/164.jpg 1 0 0 50 50
positive/152.jpg 1 0 0 50 50
positive/219.jpg 1 0 0 50 50
positive/14.jpg 1 0 0 50 50
positive/241.jpg 1 0 0 50 50
positive/97.jpg 1 0 0 50 50
positive/289.jpg 1 0 0 50 50
positive/47.jpg 1 0 0 50 50
positive/205.jpg 1 0 0 50 50
positive/52.jpg 1 0 0 50 50
positive/225.jpg 1 0 0 50 50
positive/317.jpg 1 0 0 50 50
positive/46.jpg 1 0 0 50 50
positive/24.jpg 1 0 0 50 50
positive/74.jpg 1 0 0 50 50
positive/249.jpg 1 0 0 50 50
positive/141.jpg 1 0 0 50 50
positive/267.jpg 1 0 0 50 50
positive/284.jpg 1 0 0 50 50
positive/44.jpg 1 0 0 50 50
positive/102.jpg 1 0 0 50 50
positive/381.jpg 1 0 0 50 50
positive/245.jpg 1 0 0 50 50
positive/151.jpg 1 0 0 50 50
positive/130.jpg 1 0 0 50 50
positive/88.jpg 1 0 0 50 50
positive/138.jpg 1 0 0 50 50
positive/58.jpg 1 0 0 50 50
positive/63.jpg 1 0 0 50 50
positive/202.jpg 1 0 0 50 50
positive/365.jpg 1 0 0 50 50
positive/140.jpg 1 0 0 50 50
positive/41.jpg 1 0 0 50 50
positive/358.jpg 1 0 0 50 50
positive/223.jpg 1 0 0 50 50
positive/90.jpg 1 0 0 50 50
positive/98.jpg 1 0 0 50 50
positive/343.jpg 1 0 0 50 50
positive/314.jpg 1 0 0 50 50
positive/318.jpg 1 0 0 50 50
positive/328.jpg 1 0 0 50 50
positive/200.jpg 1 0 0 50 50
positive/335.jpg 1 0 0 50 50
positive/377.jpg 1 0 0 50 50
positive/147.jpg 1 0 0 50 50
positive/168.jpg 1 0 0 50 50
positive/259.jpg 1 0 0 50 50
positive/137.jpg 1 0 0 50 50
positive/347.jpg 1 0 0 50 50
positive/332.jpg 1 0 0 50 50
positive/87.jpg 1 0 0 50 50
positive/384.jpg 1 0 0 50 50
positive/217.jpg 1 0 0 50 50
positive/4.jpg 1 0 0 50 50
positive/165.jpg 1 0 0 50 50
positive/103.jpg 1 0 0 50 50
positive/262.jpg 1 0 0 50 50
positive/380.jpg 1 0 0 50 50
positive/156.jpg 1 0 0 50 50
positive/320.jpg 1 0 0 50 50
positive/89.jpg 1 0 0 50 50
positive/157.jpg 1 0 0 50 50
positive/349.jpg 1 0 0 50 50
positive/307.jpg 1 0 0 50 50
positive/193.jpg 1 0 0 50 50
positive/33.jpg 1 0 0 50 50
positive/212.jpg 1 0 0 50 50
positive/123.jpg 1 0 0 50 50
positive/10.jpg 1 0 0 50 50
positive/362.jpg 1 0 0 50 50
positive/50.jpg 1 0 0 50 50
positive/392.jpg 1 0 0 50 50
positive/313.jpg 1 0 0 50 50
positive/312.jpg 1 0 0 50 50
positive/301.jpg 1 0 0 50 50
positive/56.jpg 1 0 0 50 50
positive/338.jpg 1 0 0 50 50
positive/376.jpg 1 0 0 50 50
positive/11.jpg 1 0 0 50 50
positive/220.jpg 1 0 0 50 50
positive/329.jpg 1 0 0 50 50
positive/302.jpg 1 0 0 50 50
positive/108.jpg 1 0 0 50 50
positive/133.jpg 1 0 0 50 50
positive/286.jpg 1 0 0 50 50
positive/273.jpg 1 0 0 50 50
positive/159.jpg 1 0 0 50 50
positive/399.jpg 1 0 0 50 50
positive/228.jpg 1 0 0 50 50
positive/30.jpg 1 0 0 50 50
positive/9.jpg 1 0 0 50 50
positive/172.jpg 1 0 0 50 50
positive/258.jpg 1 0 0 50 50
positive/66.jpg 1 0 0 50 50
positive/201.jpg 1 0 0 50 50
positive/210.jpg 1 0 0 50 50
positive/232.jpg 1 0 0 50 50
positive/382.jpg 1 0 0 50 50
positive/182.jpg 1 0 0 50 50
positive/371.jpg 1 0 0 50 50
positive/38.jpg 1 0 0 50 50
positive/129.jpg 1 0 0 50 50
positive/185.jpg 1 0 0 50 50
positive/184.jpg 1 0 0 50 50
positive/311.jpg 1 0 0 50 50
positive/208.jpg 1 0 0 50 50
positive/345.jpg 1 0 0 50 50
positive/240.jpg 1 0 0 50 50
positive/334.jpg 1 0 0 50 50
positive/36.jpg 1 0 0 50 50
positive/404.jpg 1 0 0 50 50
positive/126.jpg 1 0 0 50 50
positive/250.jpg 1 0 0 50 50
positive/195.jpg 1 0 0 50 50
positive/327.jpg 1 0 0 50 50
positive/107.jpg 1 0 0 50 50
positive/7.jpg 1 0 0 50 50
positive/86.jpg 1 0 0 50 50
positive/293.jpg 1 0 0 50 50
positive/326.jpg 1 0 0 50 50
positive/366.jpg 1 0 0 50 50
positive/247.jpg 1 0 0 50 50
positive/340.jpg 1 0 0 50 50
positive/231.jpg 1 0 0 50 50
positive/315.jpg 1 0 0 50 50
positive/310.jpg 1 0 0 50 50
positive/64.jpg 1 0 0 50 50
positive/183.jpg 1 0 0 50 50
positive/75.jpg 1 0 0 50 50
positive/128.jpg 1 0 0 50 50
positive/300.jpg 1 0 0 50 50
positive/252.jpg 1 0 0 50 50
positive/78.jpg 1 0 0 50 50
positive/68.jpg 1 0 0 50 50
positive/246.jpg 1 0 0 50 50
positive/125.jpg 1 0 0 50 50
positive/333.jpg 1 0 0 50 50
positive/367.jpg 1 0 0 50 50
positive/20.jpg 1 0 0 50 50
positive/234.jpg 1 0 0 50 50
positive/92.jpg 1 0 0 50 50
positive/298.jpg 1 0 0 50 50
positive/161.jpg 1 0 0 50 50
positive/26.jpg 1 0 0 50 50
positive/256.jpg 1 0 0 50 50
positive/265.jpg 1 0 0 50 50
positive/304.jpg 1 0 0 50 50
positive/5.jpg 1 0 0 50 50
positive/270.jpg 1 0 0 50 50
positive/191.jpg 1 0 0 50 50
positive/296.jpg 1 0 0 50 50
positive/109.jpg 1 0 0 50 50
positive/162.jpg 1 0 0 50 50
positive/295.jpg 1 0 0 50 50
positive/196.jpg 1 0 0 50 50
positive/178.jpg 1 0 0 50 50
positive/13.jpg 1 0 0 50 50
positive/177.jpg 1 0 0 50 50
positive/397.jpg 1 0 0 50 50
positive/142.jpg 1 0 0 50 50
positive/124.jpg 1 0 0 50 50
positive/71.jpg 1 0 0 50 50
positive/95.jpg 1 0 0 50 50
positive/29.jpg 1 0 0 50 50
positive/230.jpg 1 0 0 50 50
positive/283.jpg 1 0 0 50 50
positive/150.jpg 1 0 0 50 50
positive/149.jpg 1 0 0 50 50
positive/77.jpg 1 0 0 50 50
positive/169.jpg 1 0 0 50 50
positive/21.jpg 1 0 0 50 50
positive/3.jpg 1 0 0 50 50
positive/70.jpg 1 0 0 50 50
positive/236.jpg 1 0 0 50 50
positive/288.jpg 1 0 0 50 50
positive/81.jpg 1 0 0 50 50
positive/226.jpg 1 0 0 50 50
positive/100.jpg 1 0 0 50 50
positive/213.jpg 1 0 0 50 50
positive/173.jpg 1 0 0 50 50
positive/188.jpg 1 0 0 50 50
positive/389.jpg 1 0 0 50 50
positive/134.jpg 1 0 0 50 50
positive/375.jpg 1 0 0 50 50
positive/254.jpg 1 0 0 50 50
positive/132.jpg 1 0 0 50 50
positive/31.jpg 1 0 0 50 50
positive/112.jpg 1 0 0 50 50
positive/405.jpg 1 0 0 50 50
positive/297.jpg 1 0 0 50 50
positive/19.jpg 1 0 0 50 50
positive/69.jpg 1 0 0 50 50
positive/222.jpg 1 0 0 50 50
positive/369.jpg 1 0 0 50 50
positive/136.jpg 1 0 0 50 50
positive/336.jpg 1 0 0 50 50
positive/344.jpg 1 0 0 50 50
positive/269.jpg 1 0 0 50 50
positive/175.jpg 1 0 0 50 50
positive/37.jpg 1 0 0 50 50
positive/53.jpg 1 0 0 50 50
positive/370.jpg 1 0 0 50 50
positive/139.jpg 1 0 0 50 50
positive/6.jpg 1 0 0 50 50
positive/306.jpg 1 0 0 50 50
positive/385.jpg 1 0 0 50 50
positive/341.jpg 1 0 0 50 50
positive/325.jpg 1 0 0 50 50
positive/337.jpg 1 0 0 50 50
positive/8.jpg 1 0 0 50 50
positive/113.jpg 1 0 0 50 50
positive/42.jpg 1 0 0 50 50
positive/257.jpg 1 0 0 50 50
positive/57.jpg 1 0 0 50 50
positive/321.jpg 1 0 0 50 50
positive/224.jpg 1 0 0 50 50
positive/255.jpg 1 0 0 50 50
positive/72.jpg 1 0 0 50 50
positive/192.jpg 1 0 0 50 50
positive/73.jpg 1 0 0 50 50
positive/281.jpg 1 0 0 50 50
positive/387.jpg 1 0 0 50 50
positive/187.jpg 1 0 0 50 50
positive/330.jpg 1 0 0 50 50
positive/101.jpg 1 0 0 50 50
positive/401.jpg 1 0 0 50 50
positive/285.jpg 1 0 0 50 50
positive/271.jpg 1 0 0 50 50
positive/166.jpg 1 0 0 50 50
positive/170.jpg 1 0 0 50 50
positive/305.jpg 1 0 0 50 50
positive/309.jpg 1 0 0 50 50
positive/204.jpg 1 0 0 50 50
positive/299.jpg 1 0 0 50 50
positive/116.jpg 1 0 0 50 50
positive/279.jpg 1 0 0 50 50
positive/180.jpg 1 0 0 50 50
positive/235.jpg 1 0 0 50 50
positive/79.jpg 1 0 0 50 50
positive/80.jpg 1 0 0 50 50
positive/131.jpg 1 0 0 50 50
positive/99.jpg 1 0 0 50 50
positive/12.jpg 1 0 0 50 50
positive/331.jpg 1 0 0 50 50
positive/190.jpg 1 0 0 50 50
positive/253.jpg 1 0 0 50 50
positive/346.jpg 1 0 0 50 50
positive/359.jpg 1 0 0 50 50
positive/104.jpg 1 0 0 50 50
positive/227.jpg 1 0 0 50 50
positive/67.jpg 1 0 0 50 50
positive/49.jpg 1 0 0 50 50
positive/167.jpg 1 0 0 50 50
positive/60.jpg 1 0 0 50 50
positive/322.jpg 1 0 0 50 50
positive/215.jpg 1 0 0 50 50
positive/363.jpg 1 0 0 50 50
positive/237.jpg 1 0 0 50 50
positive/189.jpg 1 0 0 50 50
positive/353.jpg 1 0 0 50 50
positive/360.jpg 1 0 0 50 50
positive/324.jpg 1 0 0 50 50
positive/45.jpg 1 0 0 50 50
positive/55.jpg 1 0 0 50 50
positive/216.jpg 1 0 0 50 50
positive/15.jpg 1 0 0 50 50
positive/203.jpg 1 0 0 50 50
positive/110.jpg 1 0 0 50 50
positive/400.jpg 1 0 0 50 50
positive/181.jpg 1 0 0 50 50
positive/242.jpg 1 0 0 50 50
positive/146.jpg 1 0 0 50 50
positive/233.jpg 1 0 0 50 50
positive/143.jpg 1 0 0 50 50
positive/391.jpg 1 0 0 50 50
positive/292.jpg 1 0 0 50 50
positive/148.jpg 1 0 0 50 50
positive/35.jpg 1 0 0 50 50
positive/354.jpg 1 0 0 50 50
positive/243.jpg 1 0 0 50 50
positive/378.jpg 1 0 0 50 50
positive/287.jpg 1 0 0 50 50
positive/93.jpg 1 0 0 50 50
positive/264.jpg 1 0 0 50 50
positive/117.jpg 1 0 0 50 50
positive/272.jpg 1 0 0 50 50
positive/403.jpg 1 0 0 50 50
positive/266.jpg 1 0 0 50 50
positive/282.jpg 1 0 0 50 50
positive/351.jpg 1 0 0 50 50
positive/145.jpg 1 0 0 50 50
positive/85.jpg 1 0 0 50 50
positive/174.jpg 1 0 0 50 50
positive/62.jpg 1 0 0 50 50
positive/355.jpg 1 0 0 50 50
positive/160.jpg 1 0 0 50 50
positive/291.jpg 1 0 0 50 50
positive/386.jpg 1 0 0 50 50
positive/277.jpg 1 0 0 50 50
positive/379.jpg 1 0 0 50 50
positive/290.jpg 1 0 0 50 50
positive/402.jpg 1 0 0 50 50
positive/76.jpg 1 0 0 50 50
positive/96.jpg 1 0 0 50 50
positive/65.jpg 1 0 0 50 50
positive/244.jpg 1 0 0 50 50
positive/18.jpg 1 0 0 50 50
positive/239.jpg 1 0 0 50 50
positive/27.jpg 1 0 0 50 50
positive/121.jpg 1 0 0 50 50
positive/348.jpg 1 0 0 50 50
positive/39.jpg 1 0 0 50 50
positive/111.jpg 1 0 0 50 50
positive/394.jpg 1 0 0 50 50
positive/59.jpg 1 0 0 50 50
positive/278.jpg 1 0 0 50 50
positive/268.jpg 1 0 0 50 50
positive/406.jpg 1 0 0 50 50
positive/61.jpg 1 0 0 50 50
positive/179.jpg 1 0 0 50 50
positive/163.jpg 1 0 0 50 50
positive/372.jpg 1 0 0 50 50
